app/mapping.txt
# compiler: R8
# compiler_version: 8.5.10
# min_api: 15
# common_typos_disable
# {"id":"com.android.tools.r8.mapping","version":"2.2"}
# pg_map_id: dc71b88
# pg_map_hash: SHA-256 dc71b8851204f13d15a647c8aac4f28884633c2459646b81ee2a20dc7520c8b1
humer.UvcCamera.AutomaticDetection.AutoDetect_Fragment -> humer.UvcCamera.AutomaticDetection.AutoDetect_Fragment:
# {"id":"sourceFile","fileName":"AutoDetect_Fragment.java"}
humer.UvcCamera.AutomaticDetection.Jna_AutoDetect -> humer.UvcCamera.AutomaticDetection.Jna_AutoDetect:
# {"id":"sourceFile","fileName":"Jna_AutoDetect.java"}
    com.crowdfire.cfalertdialog.CFAlertDialog percentageBuilder -> percentageBuilder
      # {"id":"com.android.tools.r8.residualsignature","signature":"Li0/g;"}
    com.crowdfire.cfalertdialog.CFAlertDialog percentageBuilder2 -> percentageBuilder2
      # {"id":"com.android.tools.r8.residualsignature","signature":"Li0/g;"}
    48:52:java.lang.String dumpStreamingParms(byte[]):0:0 -> dumpStreamingParms
      # {"id":"com.android.tools.r8.outlineCallsite","positions":{"1":172,"4":174,"8":177,"11":181,"13":186},"outline":"Landroid/support/v4/app/o;f(Ljava/lang/StringBuilder;ILjava/lang/StringBuilder;Ljava/lang/String;)Ljava/lang/StringBuilder;"}
    53:58:java.lang.String dumpStreamingParms(byte[]):0:0 -> dumpStreamingParms
    59:63:java.lang.String dumpStreamingParms(byte[]):0:0 -> dumpStreamingParms
    64:69:java.lang.String dumpStreamingParms(byte[]):0:0 -> dumpStreamingParms
    70:75:java.lang.String dumpStreamingParms(byte[]):0:0 -> dumpStreamingParms
    76:81:java.lang.String dumpStreamingParms(byte[]):0:0 -> dumpStreamingParms
    82:87:java.lang.String dumpStreamingParms(byte[]):0:0 -> dumpStreamingParms
    88:93:java.lang.String dumpStreamingParms(byte[]):0:0 -> dumpStreamingParms
    94:99:java.lang.String dumpStreamingParms(byte[]):0:0 -> dumpStreamingParms
humer.UvcCamera.AutomaticDetection.Jna_AutoDetect$1 -> humer.UvcCamera.AutomaticDetection.Jna_AutoDetect$1:
# {"id":"sourceFile","fileName":"Jna_AutoDetect.java"}
humer.UvcCamera.AutomaticDetection.Jna_AutoDetect$2 -> humer.UvcCamera.AutomaticDetection.Jna_AutoDetect$2:
# {"id":"sourceFile","fileName":"Jna_AutoDetect.java"}
humer.UvcCamera.AutomaticDetection.Jna_AutoDetect$3 -> humer.UvcCamera.AutomaticDetection.Jna_AutoDetect$3:
# {"id":"sourceFile","fileName":"Jna_AutoDetect.java"}
humer.UvcCamera.AutomaticDetection.Jna_AutoDetect$4 -> humer.UvcCamera.AutomaticDetection.Jna_AutoDetect$4:
# {"id":"sourceFile","fileName":"Jna_AutoDetect.java"}
humer.UvcCamera.AutomaticDetection.Jna_AutoDetect$5 -> humer.UvcCamera.AutomaticDetection.Jna_AutoDetect$5:
# {"id":"sourceFile","fileName":"Jna_AutoDetect.java"}
humer.UvcCamera.AutomaticDetection.Jna_AutoDetect$IsochronousAutomaticClass -> humer.UvcCamera.AutomaticDetection.Jna_AutoDetect$IsochronousAutomaticClass:
# {"id":"sourceFile","fileName":"Jna_AutoDetect.java"}
humer.UvcCamera.AutomaticDetection.Jna_AutoDetect$IsochronousAutomaticClass5Frames -> humer.UvcCamera.AutomaticDetection.Jna_AutoDetect$IsochronousAutomaticClass5Frames:
# {"id":"sourceFile","fileName":"Jna_AutoDetect.java"}
humer.UvcCamera.AutomaticDetection.Jna_AutoDetect_Handler -> humer.UvcCamera.AutomaticDetection.Jna_AutoDetect_Handler:
# {"id":"sourceFile","fileName":"Jna_AutoDetect_Handler.java"}
...
android.support.constraint.ConstraintSet -> c.q:
# {"id":"sourceFile","fileName":"ConstraintSet.java"}
    java.util.HashMap mSavedAttributes -> a
    boolean mForceId -> b
    java.util.HashMap mConstraints -> c
    int[] VISIBILITY_FLAGS -> d
    android.util.SparseIntArray mapToConstant -> e
    5:571:void <clinit>():0:0 -> <clinit>
    1:21:void <init>():0:0 -> <init>
    17:95:void clone(android.support.constraint.ConstraintLayout):0:0 -> a
    17:95:void clone(android.content.Context,int):0 -> a
    96:209:java.util.HashMap android.support.constraint.ConstraintAttribute.extractAttributes(java.util.HashMap,android.view.View):0:0 -> a
    96:209:void clone(android.support.constraint.ConstraintLayout):0 -> a
    96:209:void clone(android.content.Context,int):0 -> a
    210:211:void clone(android.support.constraint.ConstraintLayout):0:0 -> a
    210:211:void clone(android.content.Context,int):0 -> a
    212:213:void android.support.constraint.ConstraintSet$Constraint.fillFrom(int,android.support.constraint.ConstraintLayout$LayoutParams):0:0 -> a
    212:213:void android.support.constraint.ConstraintSet$Constraint.access$000(android.support.constraint.ConstraintSet$Constraint,int,android.support.constraint.ConstraintLayout$LayoutParams):0 -> a
      # {"id":"com.android.tools.r8.rewriteFrame","conditions":["throws(Ljava/lang/NullPointerException;)"],"actions":["removeInnerFrames(1)"]}
    212:213:void clone(android.support.constraint.ConstraintLayout):0 -> a
android.support.constraint.ConstraintSet$$ExternalSyntheticApiModelOutline0 -> c.k:
# {"id":"sourceFile","fileName":"R8$$SyntheticClass"}
# {"id":"com.android.tools.r8.synthesized"}
    1:1:float c.ConstraintSet$$ExternalSyntheticApiModelOutline0.m(android.view.View):0:0 -> a
      # {"id":"com.android.tools.r8.synthesized"}
    1:1:void c.ConstraintSet$$ExternalSyntheticApiModelOutline0.m(android.view.View,float):0:0 -> b
      # {"id":"com.android.tools.r8.synthesized"}
    1:1:float c.ConstraintSet$$ExternalSyntheticApiModelOutline0.m$1(android.view.View):0:0 -> c
      # {"id":"com.android.tools.r8.synthesized"}
    1:1:void c.ConstraintSet$$ExternalSyntheticApiModelOutline0.m$1(android.view.View,float):0:0 -> d
      # {"id":"com.android.tools.r8.synthesized"}
android.support.constraint.ConstraintSet$Constraint -> c.l:
# {"id":"sourceFile","fileName":"ConstraintSet.java"}
    int mViewId -> a
    android.support.constraint.ConstraintSet$PropertySet propertySet -> b
      # {"id":"com.android.tools.r8.residualsignature","signature":"Lc/o;"}
    android.support.constraint.ConstraintSet$Motion motion -> c
      # {"id":"com.android.tools.r8.residualsignature","signature":"Lc/n;"}
    android.support.constraint.ConstraintSet$Layout layout -> d
      # {"id":"com.android.tools.r8.residualsignature","signature":"Lc/m;"}
    android.support.constraint.ConstraintSet$Transform transform -> e
      # {"id":"com.android.tools.r8.residualsignature","signature":"Lc/p;"}
    java.util.HashMap mCustomConstraints -> f
    1:39:void <init>():0:0 -> <init>
    1:224:void applyTo(android.support.constraint.ConstraintLayout$LayoutParams):0:0 -> a
      # {"id":"com.android.tools.r8.residualsignature","signature":"(Lc/g;)V"}
    1:10:android.support.constraint.ConstraintSet$Constraint clone():0:0 -> clone
    1:10:java.lang.Object clone():0 -> clone
    11:267:void android.support.constraint.ConstraintSet$Layout.copyFrom(android.support.constraint.ConstraintSet$Layout):0:0 -> clone
    11:267:android.support.constraint.ConstraintSet$Constraint clone():0 -> clone
    11:267:java.lang.Object clone():0 -> clone
    268:272:android.support.constraint.ConstraintSet$Constraint clone():0:0 -> clone
    268:272:java.lang.Object clone():0 -> clone